<?xml version="1.0" encoding="UTF-8"?>
<!-- Generated by org.testng.reporters.JUnitReportReporter -->
<testsuite hostname="USE2DEVP0672" failures="0" tests="7" name="pkg_OWM.Workflow_Browser.Dyanamic_Serial_Workflow.Dynamic_Serial_Actions" time="84.639" errors="0" timestamp="2020-11-07T12:58:46 IST" skipped="0">
  <testcase classname="pkg_OWM.Workflow_Browser.Dyanamic_Serial_Workflow.Dynamic_Serial_Actions" name="NavigatetoTabs" time="5.219"/>
  <system-out/>
  <testcase classname="pkg_OWM.Workflow_Browser.Dyanamic_Serial_Workflow.Dynamic_Serial_Actions" name="LoginPageNavigation" time="20.062"/>
  <system-out/>
  <testcase classname="pkg_OWM.Workflow_Browser.Dyanamic_Serial_Workflow.Dynamic_Serial_Actions" name="NewFolderCreation" time="29.662"/>
  <system-out/>
  <testcase classname="pkg_OWM.Workflow_Browser.Dyanamic_Serial_Workflow.Dynamic_Serial_Actions" name="WebTable" time="12.728"/>
  <system-out/>
  <testcase classname="pkg_OWM.Workflow_Browser.Dyanamic_Serial_Workflow.Dynamic_Serial_Actions" name="IntiliaseDriver" time="5.553"/>
  <system-out/>
  <testcase classname="pkg_OWM.Workflow_Browser.Dyanamic_Serial_Workflow.Dynamic_Serial_Actions" name="ClickApplications" time="3.370"/>
  <system-out/>
  <testcase classname="pkg_OWM.Workflow_Browser.Dyanamic_Serial_Workflow.Dynamic_Serial_Actions" name="searchWorkflow" time="8.045"/>
  <system-out/>
</testsuite> <!-- pkg_OWM.Workflow_Browser.Dyanamic_Serial_Workflow.Dynamic_Serial_Actions -->
