<?xml version="1.0" encoding="UTF-8"?>
<!-- Generated by org.testng.reporters.JUnitReportReporter -->
<testsuite hostname="USE2DEVP0672" failures="0" tests="7" name="pkg_OWM.Workflow_Browser.Dyanamic_Serial_Workflow.Dynamic_Serial_Actions" time="112.828" errors="0" timestamp="2020-11-09T09:38:55 IST" skipped="0">
  <testcase classname="pkg_OWM.Workflow_Browser.Dyanamic_Serial_Workflow.Dynamic_Serial_Actions" name="searchWorkflow" time="7.583"/>
  <system-out/>
  <testcase classname="pkg_OWM.Workflow_Browser.Dyanamic_Serial_Workflow.Dynamic_Serial_Actions" name="LoginPageNavigation" time="47.702"/>
  <system-out/>
  <testcase classname="pkg_OWM.Workflow_Browser.Dyanamic_Serial_Workflow.Dynamic_Serial_Actions" name="ClickApplications" time="3.345"/>
  <system-out/>
  <testcase classname="pkg_OWM.Workflow_Browser.Dyanamic_Serial_Workflow.Dynamic_Serial_Actions" name="NewFolderCreation" time="30.143"/>
  <system-out/>
  <testcase classname="pkg_OWM.Workflow_Browser.Dyanamic_Serial_Workflow.Dynamic_Serial_Actions" name="WebTable" time="12.712"/>
  <system-out/>
  <testcase classname="pkg_OWM.Workflow_Browser.Dyanamic_Serial_Workflow.Dynamic_Serial_Actions" name="IntiliaseDriver" time="4.758"/>
  <system-out/>
  <testcase classname="pkg_OWM.Workflow_Browser.Dyanamic_Serial_Workflow.Dynamic_Serial_Actions" name="NavigatetoTabs" time="6.585"/>
  <system-out/>
</testsuite> <!-- pkg_OWM.Workflow_Browser.Dyanamic_Serial_Workflow.Dynamic_Serial_Actions -->
